<?xml version="1.0" encoding="UTF-8"?>
<testsuite name="com.projectname.test.livechat.livechatenableverification"
           tests="1"
           failures="1"
           errors="0"
           skipped="0"
           time="243.114">
  <properties />
      <testcase name="Verifychatsanity1" time="243.114">
            <failure type="java.lang.AssertionError"
                  message="com.projectname.testutils.seleniumutils.SeleniumWebDriver.type.368 expected [true] but found [false]"
              >
<![CDATA[java.lang.AssertionError: com.projectname.testutils.seleniumutils.SeleniumWebDriver.type.368 expected [true] but found [false]
  org.testng.Assert.fail(Assert.java:94)
  com.projectname.testutils.baseclass.TestBaseClass.failNotEquals(TestBaseClass.java:449)
  com.projectname.testutils.genericutility.ExceptionHandler.takeScreenshot(ExceptionHandler.java:71)
  com.projectname.testutils.genericutility.ExceptionHandler.<init>(ExceptionHandler.java:42)
  com.projectname.testutils.seleniumutils.SeleniumWebDriver.sendKeys(SeleniumWebDriver.java:393)
  com.projectname.testutils.seleniumutils.SeleniumWebDriver.type(SeleniumWebDriver.java:368)
  com.projectname.testutils.pages.LoginPage.loginFS(LoginPage.java:61)
  com.projectname.test.livechat.livechatenableverification.verifychaticonsindashboard(livechatenableverification.java:85)
  com.projectname.test.livechat.livechatenableverification.Verifychatsanity1(livechatenableverification.java:32)
  sun.reflect.NativeMethodAccessorImpl.invoke0(Native Method)
  sun.reflect.NativeMethodAccessorImpl.invoke(NativeMethodAccessorImpl.java:62)
  sun.reflect.DelegatingMethodAccessorImpl.invoke(DelegatingMethodAccessorImpl.java:43)
  java.lang.reflect.Method.invoke(Method.java:497)
  org.testng.internal.MethodInvocationHelper.invokeMethod(MethodInvocationHelper.java:80)
  org.testng.internal.Invoker.invokeMethod(Invoker.java:714)
  org.testng.internal.Invoker.invokeTestMethod(Invoker.java:901)
  org.testng.internal.Invoker.invokeTestMethods(Invoker.java:1231)
  org.testng.internal.TestMethodWorker.invokeTestMethods(TestMethodWorker.java:127)
  org.testng.internal.TestMethodWorker.run(TestMethodWorker.java:111)
  java.util.concurrent.ThreadPoolExecutor.runWorker(ThreadPoolExecutor.java:1142)
  java.util.concurrent.ThreadPoolExecutor$Worker.run(ThreadPoolExecutor.java:617)
  java.lang.Thread.run(Thread.java:745)
]]>
      </failure>

          </testcase>
  

  

  

</testsuite>
