<?xml version="1.0" encoding="UTF-8"?>
<testng-results skipped="0" failed="1" total="1" passed="0">
  <reporter-output>
  </reporter-output>
  <suite name="Livechat Automated QA Test" duration-ms="468563" started-at="2016-06-25T09:19:09Z" finished-at="2016-06-25T09:26:58Z">
    <groups>
      <group name="Regression">
        <method signature="livechatenableverification.Verifychatsanity1(java.lang.String, java.lang.String, java.lang.String, java.lang.String, java.lang.String)[pri:0, instance:com.projectname.test.livechat.livechatenableverification@7d4f9aae]" name="Verifychatsanity1" class="com.projectname.test.livechat.livechatenableverification"/>
      </group> <!-- Regression -->
    </groups>
    <test name="Regression tests for Livechat" duration-ms="468563" started-at="2016-06-25T09:19:09Z" finished-at="2016-06-25T09:26:58Z">
      <class name="com.projectname.test.livechat.livechatenableverification">
        <test-method status="PASS" signature="genericSetUp(java.lang.String, java.lang.String, java.lang.String, java.lang.String, java.lang.String)[pri:0, instance:com.projectname.test.livechat.livechatenableverification@7d4f9aae]" name="genericSetUp" is-config="true" duration-ms="220130" started-at="2016-06-25T14:49:09Z" finished-at="2016-06-25T14:52:49Z">
          <params>
            <param index="0">
              <value>
                <![CDATA[https://livechat.freshcmdb.com/support/login]]>
              </value>
            </param>
            <param index="1">
              <value>
                <![CDATA[*firefox]]>
              </value>
            </param>
            <param index="2">
              <value>
                <![CDATA[CA2000]]>
              </value>
            </param>
            <param index="3">
              <value>
                <![CDATA[localhost]]>
              </value>
            </param>
            <param index="4">
              <value>
                <![CDATA[4444]]>
              </value>
            </param>
          </params>
          <reporter-output>
          </reporter-output>
        </test-method> <!-- genericSetUp -->
        <test-method status="FAIL" signature="Verifychatsanity1(java.lang.String, java.lang.String, java.lang.String, java.lang.String, java.lang.String)[pri:0, instance:com.projectname.test.livechat.livechatenableverification@7d4f9aae]" name="Verifychatsanity1" duration-ms="243114" started-at="2016-06-25T14:52:52Z" description="Test for Verify Referral By Practice Option" finished-at="2016-06-25T14:56:55Z">
          <params>
            <param index="0">
              <value>
                <![CDATA[CA2000]]>
              </value>
            </param>
            <param index="1">
              <value>
                <![CDATA[https://livechat.freshcmdb.com/support/login]]>
              </value>
            </param>
            <param index="2">
              <value>
                <![CDATA[*firefox]]>
              </value>
            </param>
            <param index="3">
              <value>
                <![CDATA[localhost]]>
              </value>
            </param>
            <param index="4">
              <value>
                <![CDATA[4444]]>
              </value>
            </param>
          </params>
          <exception class="java.lang.AssertionError">
            <message>
              <![CDATA[com.projectname.testutils.seleniumutils.SeleniumWebDriver.type.368 expected [true] but found [false]]]>
            </message>
            <full-stacktrace>
              <![CDATA[java.lang.AssertionError: com.projectname.testutils.seleniumutils.SeleniumWebDriver.type.368 expected [true] but found [false]
	at org.testng.Assert.fail(Assert.java:94)
	at com.projectname.testutils.baseclass.TestBaseClass.failNotEquals(TestBaseClass.java:449)
	at com.projectname.testutils.genericutility.ExceptionHandler.takeScreenshot(ExceptionHandler.java:71)
	at com.projectname.testutils.genericutility.ExceptionHandler.<init>(ExceptionHandler.java:42)
	at com.projectname.testutils.seleniumutils.SeleniumWebDriver.sendKeys(SeleniumWebDriver.java:393)
	at com.projectname.testutils.seleniumutils.SeleniumWebDriver.type(SeleniumWebDriver.java:368)
	at com.projectname.testutils.pages.LoginPage.loginFS(LoginPage.java:61)
	at com.projectname.test.livechat.livechatenableverification.verifychaticonsindashboard(livechatenableverification.java:85)
	at com.projectname.test.livechat.livechatenableverification.Verifychatsanity1(livechatenableverification.java:32)
	at sun.reflect.NativeMethodAccessorImpl.invoke0(Native Method)
	at sun.reflect.NativeMethodAccessorImpl.invoke(NativeMethodAccessorImpl.java:62)
	at sun.reflect.DelegatingMethodAccessorImpl.invoke(DelegatingMethodAccessorImpl.java:43)
	at java.lang.reflect.Method.invoke(Method.java:497)
	at org.testng.internal.MethodInvocationHelper.invokeMethod(MethodInvocationHelper.java:80)
	at org.testng.internal.Invoker.invokeMethod(Invoker.java:714)
	at org.testng.internal.Invoker.invokeTestMethod(Invoker.java:901)
	at org.testng.internal.Invoker.invokeTestMethods(Invoker.java:1231)
	at org.testng.internal.TestMethodWorker.invokeTestMethods(TestMethodWorker.java:127)
	at org.testng.internal.TestMethodWorker.run(TestMethodWorker.java:111)
	at java.util.concurrent.ThreadPoolExecutor.runWorker(ThreadPoolExecutor.java:1142)
	at java.util.concurrent.ThreadPoolExecutor$Worker.run(ThreadPoolExecutor.java:617)
	at java.lang.Thread.run(Thread.java:745)
]]>
            </full-stacktrace>
          </exception> <!-- java.lang.AssertionError -->
          <reporter-output>
          </reporter-output>
        </test-method> <!-- Verifychatsanity1 -->
        <test-method status="PASS" signature="tearDown(org.testng.ITestResult)[pri:0, instance:com.projectname.test.livechat.livechatenableverification@7d4f9aae]" name="tearDown" is-config="true" duration-ms="2574" started-at="2016-06-25T14:56:55Z" finished-at="2016-06-25T14:56:58Z">
          <params>
            <param index="0">
              <value>
                <![CDATA[[TestResult name=Verifychatsanity1 status=FAILURE method=livechatenableverification.Verifychatsanity1(java.lang.String, java.lang.String, java.lang.String, java.lang.String, java.lang.String)[pri:0, instance:com.projectname.test.livechat.livechatenableverification@7d4f9aae] output={null}]]]>
              </value>
            </param>
          </params>
          <reporter-output>
          </reporter-output>
        </test-method> <!-- tearDown -->
      </class> <!-- com.projectname.test.livechat.livechatenableverification -->
    </test> <!-- Regression tests for Livechat -->
  </suite> <!-- Livechat Automated QA Test -->
</testng-results>
