<?xml version="1.0" encoding="UTF-8"?>
<!-- Generated by org.testng.reporters.JUnitReportReporter -->
<testsuite hostname="Chan.local" name="com.projectname.test.livechat.livechatenableverification" tests="1" failures="0" timestamp="25 Jun 2016 09:27:02 GMT" time="465.818" errors="1">
  <testcase name="Verifychatsanity1" time="465.818" classname="com.projectname.test.livechat.livechatenableverification">
    <error type="java.lang.AssertionError" message="com.projectname.testutils.seleniumutils.SeleniumWebDriver.type.368 expected [true] but found [false]">
      <![CDATA[java.lang.AssertionError: com.projectname.testutils.seleniumutils.SeleniumWebDriver.type.368 expected [true] but found [false]
	at org.testng.Assert.fail(Assert.java:94)
	at com.projectname.testutils.baseclass.TestBaseClass.failNotEquals(TestBaseClass.java:449)
	at com.projectname.testutils.genericutility.ExceptionHandler.takeScreenshot(ExceptionHandler.java:71)
	at com.projectname.testutils.genericutility.ExceptionHandler.<init>(ExceptionHandler.java:42)
	at com.projectname.testutils.seleniumutils.SeleniumWebDriver.sendKeys(SeleniumWebDriver.java:393)
	at com.projectname.testutils.seleniumutils.SeleniumWebDriver.type(SeleniumWebDriver.java:368)
	at com.projectname.testutils.pages.LoginPage.loginFS(LoginPage.java:61)
	at com.projectname.test.livechat.livechatenableverification.verifychaticonsindashboard(livechatenableverification.java:85)
	at com.projectname.test.livechat.livechatenableverification.Verifychatsanity1(livechatenableverification.java:32)
	at sun.reflect.NativeMethodAccessorImpl.invoke0(Native Method)
	at sun.reflect.NativeMethodAccessorImpl.invoke(NativeMethodAccessorImpl.java:62)
	at sun.reflect.DelegatingMethodAccessorImpl.invoke(DelegatingMethodAccessorImpl.java:43)
	at java.lang.reflect.Method.invoke(Method.java:497)
	at org.testng.internal.MethodInvocationHelper.invokeMethod(MethodInvocationHelper.java:80)
	at org.testng.internal.Invoker.invokeMethod(Invoker.java:714)
	at org.testng.internal.Invoker.invokeTestMethod(Invoker.java:901)
	at org.testng.internal.Invoker.invokeTestMethods(Invoker.java:1231)
	at org.testng.internal.TestMethodWorker.invokeTestMethods(TestMethodWorker.java:127)
	at org.testng.internal.TestMethodWorker.run(TestMethodWorker.java:111)
	at java.util.concurrent.ThreadPoolExecutor.runWorker(ThreadPoolExecutor.java:1142)
	at java.util.concurrent.ThreadPoolExecutor$Worker.run(ThreadPoolExecutor.java:617)
	at java.lang.Thread.run(Thread.java:745)
]]>
    </error>
  </testcase> <!-- Verifychatsanity1 -->
</testsuite> <!-- com.projectname.test.livechat.livechatenableverification -->
