<?xml version="1.0" encoding="UTF-8"?>
<!-- Generated by org.testng.reporters.JUnitXMLReporter -->
<testsuite hostname="Chan.local" name="Regression tests for Livechat" tests="1" failures="1" timestamp="25 Jun 2016 09:26:58 GMT" time="468.563" errors="0">
  <testcase name="Verifychatsanity1" time="243.114" classname="com.projectname.test.livechat.livechatenableverification">
    <failure type="java.lang.AssertionError" message="com.projectname.testutils.seleniumutils.SeleniumWebDriver.type.368 expected [true] but found [false]">
      <![CDATA[java.lang.AssertionError: com.projectname.testutils.seleniumutils.SeleniumWebDriver.type.368 expected [true] but found [false]
	at com.projectname.testutils.baseclass.TestBaseClass.failNotEquals(TestBaseClass.java:449)
	at com.projectname.testutils.genericutility.ExceptionHandler.takeScreenshot(ExceptionHandler.java:71)
	at com.projectname.testutils.genericutility.ExceptionHandler.<init>(ExceptionHandler.java:42)
	at com.projectname.testutils.seleniumutils.SeleniumWebDriver.sendKeys(SeleniumWebDriver.java:393)
	at com.projectname.testutils.seleniumutils.SeleniumWebDriver.type(SeleniumWebDriver.java:368)
	at com.projectname.testutils.pages.LoginPage.loginFS(LoginPage.java:61)
	at com.projectname.test.livechat.livechatenableverification.verifychaticonsindashboard(livechatenableverification.java:85)
	at com.projectname.test.livechat.livechatenableverification.Verifychatsanity1(livechatenableverification.java:32)
	at java.util.concurrent.ThreadPoolExecutor.runWorker(ThreadPoolExecutor.java:1142)
	at java.util.concurrent.ThreadPoolExecutor$Worker.run(ThreadPoolExecutor.java:617)
	at java.lang.Thread.run(Thread.java:745)
... Removed 11 stack frames]]>
    </failure>
  </testcase> <!-- Verifychatsanity1 -->
</testsuite> <!-- Regression tests for Livechat -->
