<html>
<head>
<title>TestNG:  Regression tests for Livechat</title>
<link href="../testng.css" rel="stylesheet" type="text/css" />
<link href="../my-testng.css" rel="stylesheet" type="text/css" />

<style type="text/css">
.log { display: none;} 
.stack-trace { display: none;} 
</style>
<script type="text/javascript">
<!--
function flip(e) {
  current = e.style.display;
  if (current == 'block') {
    e.style.display = 'none';
    return 0;
  }
  else {
    e.style.display = 'block';
    return 1;
  }
}

function toggleBox(szDivId, elem, msg1, msg2)
{
  var res = -1;  if (document.getElementById) {
    res = flip(document.getElementById(szDivId));
  }
  else if (document.all) {
    // this is the way old msie versions work
    res = flip(document.all[szDivId]);
  }
  if(elem) {
    if(res == 0) elem.innerHTML = msg1; else elem.innerHTML = msg2;
  }

}

function toggleAllBoxes() {
  if (document.getElementsByTagName) {
    d = document.getElementsByTagName('div');
    for (i = 0; i < d.length; i++) {
      if (d[i].className == 'log') {
        flip(d[i]);
      }
    }
  }
}

// -->
</script>

</head>
<body>
<h2 align='center'>Regression tests for Livechat</h2><table border='1' align="center">
<tr>
<td>Tests passed/Failed/Skipped:</td><td>0/1/0</td>
</tr><tr>
<td>Started on:</td><td>Sat Jun 25 14:49:09 IST 2016</td>
</tr>
<tr><td>Total time:</td><td>468 seconds (468563 ms)</td>
</tr><tr>
<td>Included groups:</td><td>Regression CA </td>
</tr><tr>
<td>Excluded groups:</td><td></td>
</tr>
</table><p/>
<small><i>(Hover the method name to see the test class name)</i></small><p/>
<table width='100%' border='1' class='invocation-failed'>
<tr><td colspan='4' align='center'><b>FAILED TESTS</b></td></tr>
<tr><td><b>Test method</b></td>
<td width="30%"><b>Exception</b></td>
<td width="10%"><b>Time (seconds)</b></td>
<td><b>Instance</b></td>
</tr>
<tr>
<td title='com.projectname.test.livechat.livechatenableverification.Verifychatsanity1()'><b>Verifychatsanity1</b><br>Test class: com.projectname.test.livechat.livechatenableverification<br>Test method: Test for Verify Referral By Practice Option<br>Parameters: CA2000, https://livechat.freshcmdb.com/support/login, *firefox, localhost, 4444</td>
<td><div><pre>java.lang.AssertionError: com.projectname.testutils.seleniumutils.SeleniumWebDriver.type.368 expected [true] but found [false]
	at com.projectname.testutils.baseclass.TestBaseClass.failNotEquals(TestBaseClass.java:449)
	at com.projectname.testutils.genericutility.ExceptionHandler.takeScreenshot(ExceptionHandler.java:71)
	at com.projectname.testutils.genericutility.ExceptionHandler.&lt;init&gt;(ExceptionHandler.java:42)
	at com.projectname.testutils.seleniumutils.SeleniumWebDriver.sendKeys(SeleniumWebDriver.java:393)
	at com.projectname.testutils.seleniumutils.SeleniumWebDriver.type(SeleniumWebDriver.java:368)
	at com.projectname.testutils.pages.LoginPage.loginFS(LoginPage.java:61)
	at com.projectname.test.livechat.livechatenableverification.verifychaticonsindashboard(livechatenableverification.java:85)
	at com.projectname.test.livechat.livechatenableverification.Verifychatsanity1(livechatenableverification.java:32)
	at java.util.concurrent.ThreadPoolExecutor.runWorker(ThreadPoolExecutor.java:1142)
	at java.util.concurrent.ThreadPoolExecutor$Worker.run(ThreadPoolExecutor.java:617)
	at java.lang.Thread.run(Thread.java:745)
... Removed 11 stack frames</pre></div><a href='#' onClick='toggleBox("stack-trace1482993828", this, "Click to show all stack frames", "Click to hide stack frames")'>Click to show all stack frames</a>
<div class='stack-trace' id='stack-trace1482993828'><pre>java.lang.AssertionError: com.projectname.testutils.seleniumutils.SeleniumWebDriver.type.368 expected [true] but found [false]
	at org.testng.Assert.fail(Assert.java:94)
	at com.projectname.testutils.baseclass.TestBaseClass.failNotEquals(TestBaseClass.java:449)
	at com.projectname.testutils.genericutility.ExceptionHandler.takeScreenshot(ExceptionHandler.java:71)
	at com.projectname.testutils.genericutility.ExceptionHandler.&lt;init&gt;(ExceptionHandler.java:42)
	at com.projectname.testutils.seleniumutils.SeleniumWebDriver.sendKeys(SeleniumWebDriver.java:393)
	at com.projectname.testutils.seleniumutils.SeleniumWebDriver.type(SeleniumWebDriver.java:368)
	at com.projectname.testutils.pages.LoginPage.loginFS(LoginPage.java:61)
	at com.projectname.test.livechat.livechatenableverification.verifychaticonsindashboard(livechatenableverification.java:85)
	at com.projectname.test.livechat.livechatenableverification.Verifychatsanity1(livechatenableverification.java:32)
	at sun.reflect.NativeMethodAccessorImpl.invoke0(Native Method)
	at sun.reflect.NativeMethodAccessorImpl.invoke(NativeMethodAccessorImpl.java:62)
	at sun.reflect.DelegatingMethodAccessorImpl.invoke(DelegatingMethodAccessorImpl.java:43)
	at java.lang.reflect.Method.invoke(Method.java:497)
	at org.testng.internal.MethodInvocationHelper.invokeMethod(MethodInvocationHelper.java:80)
	at org.testng.internal.Invoker.invokeMethod(Invoker.java:714)
	at org.testng.internal.Invoker.invokeTestMethod(Invoker.java:901)
	at org.testng.internal.Invoker.invokeTestMethods(Invoker.java:1231)
	at org.testng.internal.TestMethodWorker.invokeTestMethods(TestMethodWorker.java:127)
	at org.testng.internal.TestMethodWorker.run(TestMethodWorker.java:111)
	at java.util.concurrent.ThreadPoolExecutor.runWorker(ThreadPoolExecutor.java:1142)
	at java.util.concurrent.ThreadPoolExecutor$Worker.run(ThreadPoolExecutor.java:617)
	at java.lang.Thread.run(Thread.java:745)
</pre></div></td>
<td>243</td>
<td>com.projectname.test.livechat.livechatenableverification@7d4f9aae</td></tr>
</table><p>
</body>
</html>